[31mThe application panicked (crashed).[0m
Message:  [36mCannot assemble this Aarch64 instruction. Immediate 4096 is out of range.[0m
Location: [35m/Users/calin/.cargo/registry/src/index.crates.io-1949cf8c6b5b557f/dynasmrt-4.0.1/src/aarch64.rs[0m:[35m216[0m

  â”â”â”â”â”â”â”â”â”â”â”â”â”â”â”â”â”â”â”â”â”â”â”â”â”â”â”â”â”â”â”â”â”â” BACKTRACE â”â”â”â”â”â”â”â”â”â”â”â”â”â”â”â”â”â”â”â”â”â”â”â”â”â”â”â”â”â”â”â”â”â”â”
   1: [91m<backtrace[15b7846c9d872f8f]::capture::Backtrace>::new[0m[90m<unknown>[0m
      at [35m<unknown source file>[0m:[35m<unknown line>[0m
   2: [91m<color_eyre[208042a69bcaaac9]::config::PanicHook>::panic_report[0m[90m<unknown>[0m
      at [35m<unknown source file>[0m:[35m<unknown line>[0m
   3: [91m<color_eyre[208042a69bcaaac9]::config::PanicHook>::into_panic_hook::{closure#0}[0m[90m<unknown>[0m
      at [35m<unknown source file>[0m:[35m<unknown line>[0m
   4: [91mstd[6c644d12a05cc840]::panicking::panic_with_hook[0m[90m<unknown>[0m
      at [35m<unknown source file>[0m:[35m<unknown line>[0m
   5: [91mstd[6c644d12a05cc840]::panicking::panic_handler::{closure#0}[0m[90m<unknown>[0m
      at [35m<unknown source file>[0m:[35m<unknown line>[0m
   6: [91mstd[6c644d12a05cc840]::sys::backtrace::__rust_end_short_backtrace::<std[6c644d12a05cc840]::panicking::panic_handler::{closure#0}, !>[0m[90m<unknown>[0m
      at [35m<unknown source file>[0m:[35m<unknown line>[0m
   7: [91m__rustc[f25f47d7eb20112d]::rust_begin_unwind[0m[90m<unknown>[0m
      at [35m<unknown source file>[0m:[35m<unknown line>[0m
   8: [91mcore[c38b1bd981b9c911]::panicking::panic_fmt[0m[90m<unknown>[0m
      at [35m<unknown source file>[0m:[35m<unknown line>[0m
   9: [91mdynasmrt[a219d91eb178ab63]::aarch64::immediate_out_of_range_unsigned_32[0m[90m<unknown>[0m
      at [35m<unknown source file>[0m:[35m<unknown line>[0m
  10: [91mpchan_emu[d81e69ff40684a07]::dynarec_v2::fetch_and_compile_single_threaded[0m[90m<unknown>[0m
      at [35m<unknown source file>[0m:[35m<unknown line>[0m
  11: [91mblocking[dc53c290504f81fe]::unblock::<core[c38b1bd981b9c911]::result::Result<(pchan_emu[d81e69ff40684a07]::dynarec_v2::PipelineV2, core[c38b1bd981b9c911]::time::Duration), eyre[1c7d6ee63a107a30]::Report>, pchan_debug_tui[5849f66a725c83d5]::app::emu_task_v2::{closure#0}::{closure#0}::{closure#0}::{closure#0}>::{closure#0}[0m[90m<unknown>[0m
      at [35m<unknown source file>[0m:[35m<unknown line>[0m
  12: [91m<async_task[44dd0c96e24141f1]::raw::RawTask<blocking[dc53c290504f81fe]::unblock<core[c38b1bd981b9c911]::result::Result<(pchan_emu[d81e69ff40684a07]::dynarec_v2::PipelineV2, core[c38b1bd981b9c911]::time::Duration), eyre[1c7d6ee63a107a30]::Report>, pchan_debug_tui[5849f66a725c83d5]::app::emu_task_v2::{closure#0}::{closure#0}::{closure#0}::{closure#0}>::{closure#0}, core[c38b1bd981b9c911]::result::Result<(pchan_emu[d81e69ff40684a07]::dynarec_v2::PipelineV2, core[c38b1bd981b9c911]::time::Duration), eyre[1c7d6ee63a107a30]::Report>, <blocking[dc53c290504f81fe]::Executor>::spawn<core[c38b1bd981b9c911]::result::Result<(pchan_emu[d81e69ff40684a07]::dynarec_v2::PipelineV2, core[c38b1bd981b9c911]::time::Duration), eyre[1c7d6ee63a107a30]::Report>, blocking[dc53c290504f81fe]::unblock<core[c38b1bd981b9c911]::result::Result<(pchan_emu[d81e69ff40684a07]::dynarec_v2::PipelineV2, core[c38b1bd981b9c911]::time::Duration), eyre[1c7d6ee63a107a30]::Report>, pchan_debug_tui[5849f66a725c83d5]::app::emu_task_v2::{closure#0}::{closure#0}::{closure#0}::{closure#0}>::{closure#0}>::{closure#1}, ()>>::run[0m[90m<unknown>[0m
      at [35m<unknown source file>[0m:[35m<unknown line>[0m
  13: [91mstd[6c644d12a05cc840]::sys::backtrace::__rust_begin_short_backtrace::<<blocking[dc53c290504f81fe]::Executor>::grow_pool::{closure#0}, ()>[0m[90m<unknown>[0m
      at [35m<unknown source file>[0m:[35m<unknown line>[0m
  14: [91m<std[6c644d12a05cc840]::thread::lifecycle::spawn_unchecked<<blocking[dc53c290504f81fe]::Executor>::grow_pool::{closure#0}, ()>::{closure#1} as core[c38b1bd981b9c911]::ops::function::FnOnce<()>>::call_once::{shim:vtable#0}[0m[90m<unknown>[0m
      at [35m<unknown source file>[0m:[35m<unknown line>[0m
  15: [91m<std[6c644d12a05cc840]::sys::thread::unix::Thread>::new::thread_start[0m[90m<unknown>[0m
      at [35m<unknown source file>[0m:[35m<unknown line>[0m
  16: [32m__pthread_cond_wait[0m[90m<unknown>[0m
      at [35m<unknown source file>[0m:[35m<unknown line>[0m

Run with COLORBT_SHOW_HIDDEN=1 environment variable to disable frame filtering.
